(0000) 3000  0011000000000000 (   1)                 .ORIG x3000
(3000) EC10  1110110000010000 (   3)                 LEA   R6 DATA
(3001) 2010  0010000000010000 (   4)                 LD    R0 NUM1
(3002) A210  1010001000010000 (   5)                 LDI   R1 NUM1_PTR
(3003) 6580  0110010110000000 (   6)                 LDR   R2 R6 #0
(3004) 300F  0011000000001111 (   7)                 ST    R0 SAVE1
(3005) B20F  1011001000001111 (   8)                 STI   R1 SAVE2_PTR
(3006) 7581  0111010110000001 (   9)                 STR   R2 R6 #1
(3007) 1625  0001011000100101 (  11)                 ADD   R3 R0 #5
(3008) 5842  0101100001000010 (  12)                 AND   R4 R1 R2
(3009) 9AFF  1001101011111111 (  13)                 NOT   R5 R3
(300A) 0602  0000011000000010 (  15)                 BRZP  SKIP
(300B) 4803  0100100000000011 (  16)                 JSR   SUBROUTINE
(300C) 1DBE  0001110110111110 (  17)                 ADD   R6 R6 #-2
(300D) C180  1100000110000000 (  18) SKIP            JMP   R6
(300E) F025  1111000000100101 (  20)                 TRAP  x25
(300F) 1021  0001000000100001 (  23) SUBROUTINE      ADD   R0 R0 #1
(3010) C1C0  1100000111000000 (  24)                 RET   
(3011) ABCD  1010101111001101 (  26) DATA            .FILL xABCD
(3012) 0005  0000000000000101 (  27) NUM1            .FILL x0005
(3013) 3012  0011000000010010 (  28) NUM1_PTR        .FILL x3012
(3014) 0000  0000000000000000 (  30) SAVE1           .FILL x0000
(3015) 3016  0011000000010110 (  30) SAVE2_PTR       .FILL x3016
(3016) 0000  0000000000000000 (  33) SAVE2           .FILL x0000
